[2021-01-13 11:22:20.346] [info] Updating Model file from 30000 to latest format...
[2021-01-13 11:22:20.445] [info] Loaded model subject01 from file /home/adam/Desktop/osmv/resources/models/Gait2392_Simbody/subject01.osim
[2021-01-13 11:22:20.447] [info] ControllerSet 'Controllers' was renamed and is being reset to 'controllerset'.
[2021-01-13 11:22:20.447] [info] 'glut_med1_r': Parameter update for the damped-model: minimum_activation was 0.01 but is now 0.01
[2021-01-13 11:22:20.448] [info] 'glut_med2_r': Parameter update for the damped-model: minimum_activation was 0.01 but is now 0.01
[2021-01-13 11:22:20.449] [info] 'glut_med3_r': Parameter update for the damped-model: minimum_activation was 0.01 but is now 0.01
[2021-01-13 11:22:20.450] [info] 'glut_min1_r': Parameter update for the damped-model: minimum_activation was 0.01 but is now 0.01
[2021-01-13 11:22:20.451] [info] 'glut_min2_r': Parameter update for the damped-model: minimum_activation was 0.01 but is now 0.01
[2021-01-13 11:22:20.451] [info] 'glut_min3_r': Parameter update for the damped-model: minimum_activation was 0.01 but is now 0.01
[2021-01-13 11:22:20.452] [info] 'semimem_r': Parameter update for the damped-model: minimum_activation was 0.01 but is now 0.01
[2021-01-13 11:22:20.453] [info] 'semiten_r': Parameter update for the damped-model: minimum_activation was 0.01 but is now 0.01
[2021-01-13 11:22:20.454] [info] 'bifemlh_r': Parameter update for the damped-model: minimum_activation was 0.01 but is now 0.01
[2021-01-13 11:22:20.454] [info] 'bifemsh_r': Parameter update for the damped-model: minimum_activation was 0.01 but is now 0.01
[2021-01-13 11:22:20.455] [info] 'sar_r': Parameter update for the damped-model: minimum_activation was 0.01 but is now 0.01
[2021-01-13 11:22:20.456] [info] 'add_long_r': Parameter update for the damped-model: minimum_activation was 0.01 but is now 0.01
[2021-01-13 11:22:20.457] [info] 'add_brev_r': Parameter update for the damped-model: minimum_activation was 0.01 but is now 0.01
[2021-01-13 11:22:20.457] [info] 'add_mag1_r': Parameter update for the damped-model: minimum_activation was 0.01 but is now 0.01
[2021-01-13 11:22:20.458] [info] 'add_mag2_r': Parameter update for the damped-model: minimum_activation was 0.01 but is now 0.01
[2021-01-13 11:22:20.459] [info] 'add_mag3_r': Parameter update for the damped-model: minimum_activation was 0.01 but is now 0.01
[2021-01-13 11:22:20.460] [info] 'tfl_r': Parameter update for the damped-model: minimum_activation was 0.01 but is now 0.01
[2021-01-13 11:22:20.461] [info] 'pect_r': Parameter update for the damped-model: minimum_activation was 0.01 but is now 0.01
[2021-01-13 11:22:20.461] [info] 'grac_r': Parameter update for the damped-model: minimum_activation was 0.01 but is now 0.01
[2021-01-13 11:22:20.462] [info] 'glut_max1_r': Parameter update for the damped-model: minimum_activation was 0.01 but is now 0.01
[2021-01-13 11:22:20.463] [info] 'glut_max2_r': Parameter update for the damped-model: minimum_activation was 0.01 but is now 0.01
[2021-01-13 11:22:20.464] [info] 'glut_max3_r': Parameter update for the damped-model: minimum_activation was 0.01 but is now 0.01
[2021-01-13 11:22:20.464] [info] 'iliacus_r': Parameter update for the damped-model: minimum_activation was 0.01 but is now 0.01
[2021-01-13 11:22:20.465] [info] 'psoas_r': Parameter update for the damped-model: minimum_activation was 0.01 but is now 0.01
[2021-01-13 11:22:20.466] [info] 'quad_fem_r': Parameter update for the damped-model: minimum_activation was 0.01 but is now 0.01
[2021-01-13 11:22:20.467] [info] 'gem_r': Parameter update for the damped-model: minimum_activation was 0.01 but is now 0.01
[2021-01-13 11:22:20.468] [info] 'peri_r': Parameter update for the damped-model: minimum_activation was 0.01 but is now 0.01
[2021-01-13 11:22:20.468] [info] 'rect_fem_r': Parameter update for the damped-model: minimum_activation was 0.01 but is now 0.01
[2021-01-13 11:22:20.469] [info] 'vas_med_r': Parameter update for the damped-model: minimum_activation was 0.01 but is now 0.01
[2021-01-13 11:22:20.470] [info] 'vas_int_r': Parameter update for the damped-model: minimum_activation was 0.01 but is now 0.01
[2021-01-13 11:22:20.471] [info] 'vas_lat_r': Parameter update for the damped-model: minimum_activation was 0.01 but is now 0.01
[2021-01-13 11:22:20.471] [info] 'med_gas_r': Parameter update for the damped-model: minimum_activation was 0.01 but is now 0.01
[2021-01-13 11:22:20.472] [info] 'lat_gas_r': Parameter update for the damped-model: minimum_activation was 0.01 but is now 0.01
[2021-01-13 11:22:20.473] [info] 'soleus_r': Parameter update for the damped-model: minimum_activation was 0.01 but is now 0.01
[2021-01-13 11:22:20.474] [info] 'tib_post_r': Parameter update for the damped-model: minimum_activation was 0.01 but is now 0.01
[2021-01-13 11:22:20.475] [info] 'flex_dig_r': Parameter update for the damped-model: minimum_activation was 0.01 but is now 0.01
[2021-01-13 11:22:20.475] [info] 'flex_hal_r': Parameter update for the damped-model: minimum_activation was 0.01 but is now 0.01
[2021-01-13 11:22:20.476] [info] 'tib_ant_r': Parameter update for the damped-model: minimum_activation was 0.01 but is now 0.01
[2021-01-13 11:22:20.477] [info] 'per_brev_r': Parameter update for the damped-model: minimum_activation was 0.01 but is now 0.01
[2021-01-13 11:22:20.478] [info] 'per_long_r': Parameter update for the damped-model: minimum_activation was 0.01 but is now 0.01
[2021-01-13 11:22:20.478] [info] 'per_tert_r': Parameter update for the damped-model: minimum_activation was 0.01 but is now 0.01
[2021-01-13 11:22:20.479] [info] 'ext_dig_r': Parameter update for the damped-model: minimum_activation was 0.01 but is now 0.01
[2021-01-13 11:22:20.480] [info] 'ext_hal_r': Parameter update for the damped-model: minimum_activation was 0.01 but is now 0.01
[2021-01-13 11:22:20.481] [info] 'glut_med1_l': Parameter update for the damped-model: minimum_activation was 0.01 but is now 0.01
[2021-01-13 11:22:20.481] [info] 'glut_med2_l': Parameter update for the damped-model: minimum_activation was 0.01 but is now 0.01
[2021-01-13 11:22:20.482] [info] 'glut_med3_l': Parameter update for the damped-model: minimum_activation was 0.01 but is now 0.01
[2021-01-13 11:22:20.483] [info] 'glut_min1_l': Parameter update for the damped-model: minimum_activation was 0.01 but is now 0.01
[2021-01-13 11:22:20.484] [info] 'glut_min2_l': Parameter update for the damped-model: minimum_activation was 0.01 but is now 0.01
[2021-01-13 11:22:20.485] [info] 'glut_min3_l': Parameter update for the damped-model: minimum_activation was 0.01 but is now 0.01
[2021-01-13 11:22:20.485] [info] 'semimem_l': Parameter update for the damped-model: minimum_activation was 0.01 but is now 0.01
[2021-01-13 11:22:20.486] [info] 'semiten_l': Parameter update for the damped-model: minimum_activation was 0.01 but is now 0.01
[2021-01-13 11:22:20.487] [info] 'bifemlh_l': Parameter update for the damped-model: minimum_activation was 0.01 but is now 0.01
[2021-01-13 11:22:20.488] [info] 'bifemsh_l': Parameter update for the damped-model: minimum_activation was 0.01 but is now 0.01
[2021-01-13 11:22:20.488] [info] 'sar_l': Parameter update for the damped-model: minimum_activation was 0.01 but is now 0.01
[2021-01-13 11:22:20.489] [info] 'add_long_l': Parameter update for the damped-model: minimum_activation was 0.01 but is now 0.01
[2021-01-13 11:22:20.490] [info] 'add_brev_l': Parameter update for the damped-model: minimum_activation was 0.01 but is now 0.01
[2021-01-13 11:22:20.491] [info] 'add_mag1_l': Parameter update for the damped-model: minimum_activation was 0.01 but is now 0.01
[2021-01-13 11:22:20.491] [info] 'add_mag2_l': Parameter update for the damped-model: minimum_activation was 0.01 but is now 0.01
[2021-01-13 11:22:20.492] [info] 'add_mag3_l': Parameter update for the damped-model: minimum_activation was 0.01 but is now 0.01
[2021-01-13 11:22:20.493] [info] 'tfl_l': Parameter update for the damped-model: minimum_activation was 0.01 but is now 0.01
[2021-01-13 11:22:20.494] [info] 'pect_l': Parameter update for the damped-model: minimum_activation was 0.01 but is now 0.01
[2021-01-13 11:22:20.495] [info] 'grac_l': Parameter update for the damped-model: minimum_activation was 0.01 but is now 0.01
[2021-01-13 11:22:20.495] [info] 'glut_max1_l': Parameter update for the damped-model: minimum_activation was 0.01 but is now 0.01
[2021-01-13 11:22:20.496] [info] 'glut_max2_l': Parameter update for the damped-model: minimum_activation was 0.01 but is now 0.01
[2021-01-13 11:22:20.497] [info] 'glut_max3_l': Parameter update for the damped-model: minimum_activation was 0.01 but is now 0.01
[2021-01-13 11:22:20.498] [info] 'iliacus_l': Parameter update for the damped-model: minimum_activation was 0.01 but is now 0.01
[2021-01-13 11:22:20.498] [info] 'psoas_l': Parameter update for the damped-model: minimum_activation was 0.01 but is now 0.01
[2021-01-13 11:22:20.499] [info] 'quad_fem_l': Parameter update for the damped-model: minimum_activation was 0.01 but is now 0.01
[2021-01-13 11:22:20.500] [info] 'gem_l': Parameter update for the damped-model: minimum_activation was 0.01 but is now 0.01
[2021-01-13 11:22:20.501] [info] 'peri_l': Parameter update for the damped-model: minimum_activation was 0.01 but is now 0.01
[2021-01-13 11:22:20.502] [info] 'rect_fem_l': Parameter update for the damped-model: minimum_activation was 0.01 but is now 0.01
[2021-01-13 11:22:20.502] [info] 'vas_med_l': Parameter update for the damped-model: minimum_activation was 0.01 but is now 0.01
[2021-01-13 11:22:20.503] [info] 'vas_int_l': Parameter update for the damped-model: minimum_activation was 0.01 but is now 0.01
[2021-01-13 11:22:20.504] [info] 'vas_lat_l': Parameter update for the damped-model: minimum_activation was 0.01 but is now 0.01
[2021-01-13 11:22:20.505] [info] 'med_gas_l': Parameter update for the damped-model: minimum_activation was 0.01 but is now 0.01
[2021-01-13 11:22:20.505] [info] 'lat_gas_l': Parameter update for the damped-model: minimum_activation was 0.01 but is now 0.01
[2021-01-13 11:22:20.506] [info] 'soleus_l': Parameter update for the damped-model: minimum_activation was 0.01 but is now 0.01
[2021-01-13 11:22:20.507] [info] 'tib_post_l': Parameter update for the damped-model: minimum_activation was 0.01 but is now 0.01
[2021-01-13 11:22:20.508] [info] 'flex_dig_l': Parameter update for the damped-model: minimum_activation was 0.01 but is now 0.01
[2021-01-13 11:22:20.509] [info] 'flex_hal_l': Parameter update for the damped-model: minimum_activation was 0.01 but is now 0.01
[2021-01-13 11:22:20.509] [info] 'tib_ant_l': Parameter update for the damped-model: minimum_activation was 0.01 but is now 0.01
[2021-01-13 11:22:20.510] [info] 'per_brev_l': Parameter update for the damped-model: minimum_activation was 0.01 but is now 0.01
[2021-01-13 11:22:20.511] [info] 'per_long_l': Parameter update for the damped-model: minimum_activation was 0.01 but is now 0.01
[2021-01-13 11:22:20.512] [info] 'per_tert_l': Parameter update for the damped-model: minimum_activation was 0.01 but is now 0.01
[2021-01-13 11:22:20.512] [info] 'ext_dig_l': Parameter update for the damped-model: minimum_activation was 0.01 but is now 0.01
[2021-01-13 11:22:20.513] [info] 'ext_hal_l': Parameter update for the damped-model: minimum_activation was 0.01 but is now 0.01
[2021-01-13 11:22:20.514] [info] 'ercspn_r': Parameter update for the damped-model: minimum_activation was 0.01 but is now 0.01
[2021-01-13 11:22:20.515] [info] 'ercspn_l': Parameter update for the damped-model: minimum_activation was 0.01 but is now 0.01
[2021-01-13 11:22:20.516] [info] 'intobl_r': Parameter update for the damped-model: minimum_activation was 0.01 but is now 0.01
[2021-01-13 11:22:20.516] [info] 'intobl_l': Parameter update for the damped-model: minimum_activation was 0.01 but is now 0.01
[2021-01-13 11:22:20.517] [info] 'extobl_r': Parameter update for the damped-model: minimum_activation was 0.01 but is now 0.01
[2021-01-13 11:22:20.518] [info] 'extobl_l': Parameter update for the damped-model: minimum_activation was 0.01 but is now 0.01
[2021-01-13 11:22:20.519] [info] ComponentSet 'MiscComponents' was renamed and is being reset to 'componentset'.
[2021-01-13 11:22:20.536] [info] 'glut_med1_r': Parameter update for the damped-model: minimum_activation was 0.01 but is now 0.01
[2021-01-13 11:22:20.537] [info] 'glut_med2_r': Parameter update for the damped-model: minimum_activation was 0.01 but is now 0.01
[2021-01-13 11:22:20.539] [info] 'glut_med3_r': Parameter update for the damped-model: minimum_activation was 0.01 but is now 0.01
[2021-01-13 11:22:20.541] [info] 'glut_min1_r': Parameter update for the damped-model: minimum_activation was 0.01 but is now 0.01
[2021-01-13 11:22:20.542] [info] 'glut_min2_r': Parameter update for the damped-model: minimum_activation was 0.01 but is now 0.01
[2021-01-13 11:22:20.544] [info] 'glut_min3_r': Parameter update for the damped-model: minimum_activation was 0.01 but is now 0.01
[2021-01-13 11:22:20.546] [info] 'semimem_r': Parameter update for the damped-model: minimum_activation was 0.01 but is now 0.01
[2021-01-13 11:22:20.546] [info] 'semiten_r': Parameter update for the damped-model: minimum_activation was 0.01 but is now 0.01
[2021-01-13 11:22:20.547] [info] 'bifemlh_r': Parameter update for the damped-model: minimum_activation was 0.01 but is now 0.01
[2021-01-13 11:22:20.548] [info] 'bifemsh_r': Parameter update for the damped-model: minimum_activation was 0.01 but is now 0.01
[2021-01-13 11:22:20.548] [info] 'sar_r': Parameter update for the damped-model: minimum_activation was 0.01 but is now 0.01
[2021-01-13 11:22:20.549] [info] 'add_long_r': Parameter update for the damped-model: minimum_activation was 0.01 but is now 0.01
[2021-01-13 11:22:20.550] [info] 'add_brev_r': Parameter update for the damped-model: minimum_activation was 0.01 but is now 0.01
[2021-01-13 11:22:20.550] [info] 'add_mag1_r': Parameter update for the damped-model: minimum_activation was 0.01 but is now 0.01
[2021-01-13 11:22:20.551] [info] 'add_mag2_r': Parameter update for the damped-model: minimum_activation was 0.01 but is now 0.01
[2021-01-13 11:22:20.552] [info] 'add_mag3_r': Parameter update for the damped-model: minimum_activation was 0.01 but is now 0.01
[2021-01-13 11:22:20.552] [info] 'tfl_r': Parameter update for the damped-model: minimum_activation was 0.01 but is now 0.01
[2021-01-13 11:22:20.553] [info] 'pect_r': Parameter update for the damped-model: minimum_activation was 0.01 but is now 0.01
[2021-01-13 11:22:20.554] [info] 'grac_r': Parameter update for the damped-model: minimum_activation was 0.01 but is now 0.01
[2021-01-13 11:22:20.555] [info] 'glut_max1_r': Parameter update for the damped-model: minimum_activation was 0.01 but is now 0.01
[2021-01-13 11:22:20.555] [info] 'glut_max2_r': Parameter update for the damped-model: minimum_activation was 0.01 but is now 0.01
[2021-01-13 11:22:20.556] [info] 'glut_max3_r': Parameter update for the damped-model: minimum_activation was 0.01 but is now 0.01
[2021-01-13 11:22:20.557] [info] 'iliacus_r': Parameter update for the damped-model: minimum_activation was 0.01 but is now 0.01
[2021-01-13 11:22:20.558] [info] 'psoas_r': Parameter update for the damped-model: minimum_activation was 0.01 but is now 0.01
[2021-01-13 11:22:20.558] [info] 'quad_fem_r': Parameter update for the damped-model: minimum_activation was 0.01 but is now 0.01
[2021-01-13 11:22:20.559] [info] 'gem_r': Parameter update for the damped-model: minimum_activation was 0.01 but is now 0.01
[2021-01-13 11:22:20.560] [info] 'peri_r': Parameter update for the damped-model: minimum_activation was 0.01 but is now 0.01
[2021-01-13 11:22:20.561] [info] 'rect_fem_r': Parameter update for the damped-model: minimum_activation was 0.01 but is now 0.01
[2021-01-13 11:22:20.562] [info] 'vas_med_r': Parameter update for the damped-model: minimum_activation was 0.01 but is now 0.01
[2021-01-13 11:22:20.562] [info] 'vas_int_r': Parameter update for the damped-model: minimum_activation was 0.01 but is now 0.01
[2021-01-13 11:22:20.563] [info] 'vas_lat_r': Parameter update for the damped-model: minimum_activation was 0.01 but is now 0.01
[2021-01-13 11:22:20.564] [info] 'med_gas_r': Parameter update for the damped-model: minimum_activation was 0.01 but is now 0.01
[2021-01-13 11:22:20.564] [info] 'lat_gas_r': Parameter update for the damped-model: minimum_activation was 0.01 but is now 0.01
[2021-01-13 11:22:20.565] [info] 'soleus_r': Parameter update for the damped-model: minimum_activation was 0.01 but is now 0.01
[2021-01-13 11:22:20.566] [info] 'tib_post_r': Parameter update for the damped-model: minimum_activation was 0.01 but is now 0.01
[2021-01-13 11:22:20.566] [info] 'flex_dig_r': Parameter update for the damped-model: minimum_activation was 0.01 but is now 0.01
[2021-01-13 11:22:20.567] [info] 'flex_hal_r': Parameter update for the damped-model: minimum_activation was 0.01 but is now 0.01
[2021-01-13 11:22:20.568] [info] 'tib_ant_r': Parameter update for the damped-model: minimum_activation was 0.01 but is now 0.01
[2021-01-13 11:22:20.568] [info] 'per_brev_r': Parameter update for the damped-model: minimum_activation was 0.01 but is now 0.01
[2021-01-13 11:22:20.569] [info] 'per_long_r': Parameter update for the damped-model: minimum_activation was 0.01 but is now 0.01
[2021-01-13 11:22:20.569] [info] 'per_tert_r': Parameter update for the damped-model: minimum_activation was 0.01 but is now 0.01
[2021-01-13 11:22:20.570] [info] 'ext_dig_r': Parameter update for the damped-model: minimum_activation was 0.01 but is now 0.01
[2021-01-13 11:22:20.571] [info] 'ext_hal_r': Parameter update for the damped-model: minimum_activation was 0.01 but is now 0.01
[2021-01-13 11:22:20.571] [info] 'glut_med1_l': Parameter update for the damped-model: minimum_activation was 0.01 but is now 0.01
[2021-01-13 11:22:20.572] [info] 'glut_med2_l': Parameter update for the damped-model: minimum_activation was 0.01 but is now 0.01
[2021-01-13 11:22:20.573] [info] 'glut_med3_l': Parameter update for the damped-model: minimum_activation was 0.01 but is now 0.01
[2021-01-13 11:22:20.574] [info] 'glut_min1_l': Parameter update for the damped-model: minimum_activation was 0.01 but is now 0.01
[2021-01-13 11:22:20.574] [info] 'glut_min2_l': Parameter update for the damped-model: minimum_activation was 0.01 but is now 0.01
[2021-01-13 11:22:20.575] [info] 'glut_min3_l': Parameter update for the damped-model: minimum_activation was 0.01 but is now 0.01
[2021-01-13 11:22:20.576] [info] 'semimem_l': Parameter update for the damped-model: minimum_activation was 0.01 but is now 0.01
[2021-01-13 11:22:20.577] [info] 'semiten_l': Parameter update for the damped-model: minimum_activation was 0.01 but is now 0.01
[2021-01-13 11:22:20.577] [info] 'bifemlh_l': Parameter update for the damped-model: minimum_activation was 0.01 but is now 0.01
[2021-01-13 11:22:20.578] [info] 'bifemsh_l': Parameter update for the damped-model: minimum_activation was 0.01 but is now 0.01
[2021-01-13 11:22:20.579] [info] 'sar_l': Parameter update for the damped-model: minimum_activation was 0.01 but is now 0.01
[2021-01-13 11:22:20.579] [info] 'add_long_l': Parameter update for the damped-model: minimum_activation was 0.01 but is now 0.01
[2021-01-13 11:22:20.580] [info] 'add_brev_l': Parameter update for the damped-model: minimum_activation was 0.01 but is now 0.01
[2021-01-13 11:22:20.581] [info] 'add_mag1_l': Parameter update for the damped-model: minimum_activation was 0.01 but is now 0.01
[2021-01-13 11:22:20.581] [info] 'add_mag2_l': Parameter update for the damped-model: minimum_activation was 0.01 but is now 0.01
[2021-01-13 11:22:20.582] [info] 'add_mag3_l': Parameter update for the damped-model: minimum_activation was 0.01 but is now 0.01
[2021-01-13 11:22:20.583] [info] 'tfl_l': Parameter update for the damped-model: minimum_activation was 0.01 but is now 0.01
[2021-01-13 11:22:20.583] [info] 'pect_l': Parameter update for the damped-model: minimum_activation was 0.01 but is now 0.01
[2021-01-13 11:22:20.584] [info] 'grac_l': Parameter update for the damped-model: minimum_activation was 0.01 but is now 0.01
[2021-01-13 11:22:20.585] [info] 'glut_max1_l': Parameter update for the damped-model: minimum_activation was 0.01 but is now 0.01
[2021-01-13 11:22:20.585] [info] 'glut_max2_l': Parameter update for the damped-model: minimum_activation was 0.01 but is now 0.01
[2021-01-13 11:22:20.586] [info] 'glut_max3_l': Parameter update for the damped-model: minimum_activation was 0.01 but is now 0.01
[2021-01-13 11:22:20.587] [info] 'iliacus_l': Parameter update for the damped-model: minimum_activation was 0.01 but is now 0.01
[2021-01-13 11:22:20.587] [info] 'psoas_l': Parameter update for the damped-model: minimum_activation was 0.01 but is now 0.01
[2021-01-13 11:22:20.588] [info] 'quad_fem_l': Parameter update for the damped-model: minimum_activation was 0.01 but is now 0.01
[2021-01-13 11:22:20.589] [info] 'gem_l': Parameter update for the damped-model: minimum_activation was 0.01 but is now 0.01
[2021-01-13 11:22:20.589] [info] 'peri_l': Parameter update for the damped-model: minimum_activation was 0.01 but is now 0.01
[2021-01-13 11:22:20.590] [info] 'rect_fem_l': Parameter update for the damped-model: minimum_activation was 0.01 but is now 0.01
[2021-01-13 11:22:20.591] [info] 'vas_med_l': Parameter update for the damped-model: minimum_activation was 0.01 but is now 0.01
[2021-01-13 11:22:20.592] [info] 'vas_int_l': Parameter update for the damped-model: minimum_activation was 0.01 but is now 0.01
[2021-01-13 11:22:20.592] [info] 'vas_lat_l': Parameter update for the damped-model: minimum_activation was 0.01 but is now 0.01
[2021-01-13 11:22:20.593] [info] 'med_gas_l': Parameter update for the damped-model: minimum_activation was 0.01 but is now 0.01
[2021-01-13 11:22:20.594] [info] 'lat_gas_l': Parameter update for the damped-model: minimum_activation was 0.01 but is now 0.01
[2021-01-13 11:22:20.594] [info] 'soleus_l': Parameter update for the damped-model: minimum_activation was 0.01 but is now 0.01
[2021-01-13 11:22:20.595] [info] 'tib_post_l': Parameter update for the damped-model: minimum_activation was 0.01 but is now 0.01
[2021-01-13 11:22:20.596] [info] 'flex_dig_l': Parameter update for the damped-model: minimum_activation was 0.01 but is now 0.01
[2021-01-13 11:22:20.596] [info] 'flex_hal_l': Parameter update for the damped-model: minimum_activation was 0.01 but is now 0.01
[2021-01-13 11:22:20.597] [info] 'tib_ant_l': Parameter update for the damped-model: minimum_activation was 0.01 but is now 0.01
[2021-01-13 11:22:20.598] [info] 'per_brev_l': Parameter update for the damped-model: minimum_activation was 0.01 but is now 0.01
[2021-01-13 11:22:20.598] [info] 'per_long_l': Parameter update for the damped-model: minimum_activation was 0.01 but is now 0.01
[2021-01-13 11:22:20.599] [info] 'per_tert_l': Parameter update for the damped-model: minimum_activation was 0.01 but is now 0.01
[2021-01-13 11:22:20.600] [info] 'ext_dig_l': Parameter update for the damped-model: minimum_activation was 0.01 but is now 0.01
[2021-01-13 11:22:20.601] [info] 'ext_hal_l': Parameter update for the damped-model: minimum_activation was 0.01 but is now 0.01
[2021-01-13 11:22:20.601] [info] 'ercspn_r': Parameter update for the damped-model: minimum_activation was 0.01 but is now 0.01
[2021-01-13 11:22:20.602] [info] 'ercspn_l': Parameter update for the damped-model: minimum_activation was 0.01 but is now 0.01
[2021-01-13 11:22:20.603] [info] 'intobl_r': Parameter update for the damped-model: minimum_activation was 0.01 but is now 0.01
[2021-01-13 11:22:20.603] [info] 'intobl_l': Parameter update for the damped-model: minimum_activation was 0.01 but is now 0.01
[2021-01-13 11:22:20.604] [info] 'extobl_r': Parameter update for the damped-model: minimum_activation was 0.01 but is now 0.01
[2021-01-13 11:22:20.604] [info] 'extobl_l': Parameter update for the damped-model: minimum_activation was 0.01 but is now 0.01
[2021-01-13 11:22:20.608] [info] 'glut_med1_r': Parameter update for the damped-model: minimum_activation was 0.01 but is now 0.01
[2021-01-13 11:22:20.609] [info] 'glut_med2_r': Parameter update for the damped-model: minimum_activation was 0.01 but is now 0.01
[2021-01-13 11:22:20.609] [info] 'glut_med3_r': Parameter update for the damped-model: minimum_activation was 0.01 but is now 0.01
[2021-01-13 11:22:20.610] [info] 'glut_min1_r': Parameter update for the damped-model: minimum_activation was 0.01 but is now 0.01
[2021-01-13 11:22:20.611] [info] 'glut_min2_r': Parameter update for the damped-model: minimum_activation was 0.01 but is now 0.01
[2021-01-13 11:22:20.611] [info] 'glut_min3_r': Parameter update for the damped-model: minimum_activation was 0.01 but is now 0.01
[2021-01-13 11:22:20.612] [info] 'semimem_r': Parameter update for the damped-model: minimum_activation was 0.01 but is now 0.01
[2021-01-13 11:22:20.613] [info] 'semiten_r': Parameter update for the damped-model: minimum_activation was 0.01 but is now 0.01
[2021-01-13 11:22:20.613] [info] 'bifemlh_r': Parameter update for the damped-model: minimum_activation was 0.01 but is now 0.01
[2021-01-13 11:22:20.614] [info] 'bifemsh_r': Parameter update for the damped-model: minimum_activation was 0.01 but is now 0.01
[2021-01-13 11:22:20.615] [info] 'sar_r': Parameter update for the damped-model: minimum_activation was 0.01 but is now 0.01
[2021-01-13 11:22:20.615] [info] 'add_long_r': Parameter update for the damped-model: minimum_activation was 0.01 but is now 0.01
[2021-01-13 11:22:20.616] [info] 'add_brev_r': Parameter update for the damped-model: minimum_activation was 0.01 but is now 0.01
[2021-01-13 11:22:20.617] [info] 'add_mag1_r': Parameter update for the damped-model: minimum_activation was 0.01 but is now 0.01
[2021-01-13 11:22:20.617] [info] 'add_mag2_r': Parameter update for the damped-model: minimum_activation was 0.01 but is now 0.01
[2021-01-13 11:22:20.618] [info] 'add_mag3_r': Parameter update for the damped-model: minimum_activation was 0.01 but is now 0.01
[2021-01-13 11:22:20.618] [info] 'tfl_r': Parameter update for the damped-model: minimum_activation was 0.01 but is now 0.01
[2021-01-13 11:22:20.619] [info] 'pect_r': Parameter update for the damped-model: minimum_activation was 0.01 but is now 0.01
[2021-01-13 11:22:20.620] [info] 'grac_r': Parameter update for the damped-model: minimum_activation was 0.01 but is now 0.01
[2021-01-13 11:22:20.620] [info] 'glut_max1_r': Parameter update for the damped-model: minimum_activation was 0.01 but is now 0.01
[2021-01-13 11:22:20.621] [info] 'glut_max2_r': Parameter update for the damped-model: minimum_activation was 0.01 but is now 0.01
[2021-01-13 11:22:20.622] [info] 'glut_max3_r': Parameter update for the damped-model: minimum_activation was 0.01 but is now 0.01
[2021-01-13 11:22:20.623] [info] 'iliacus_r': Parameter update for the damped-model: minimum_activation was 0.01 but is now 0.01
[2021-01-13 11:22:20.624] [info] 'psoas_r': Parameter update for the damped-model: minimum_activation was 0.01 but is now 0.01
[2021-01-13 11:22:20.624] [info] 'quad_fem_r': Parameter update for the damped-model: minimum_activation was 0.01 but is now 0.01
[2021-01-13 11:22:20.625] [info] 'gem_r': Parameter update for the damped-model: minimum_activation was 0.01 but is now 0.01
[2021-01-13 11:22:20.626] [info] 'peri_r': Parameter update for the damped-model: minimum_activation was 0.01 but is now 0.01
[2021-01-13 11:22:20.626] [info] 'rect_fem_r': Parameter update for the damped-model: minimum_activation was 0.01 but is now 0.01
[2021-01-13 11:22:20.627] [info] 'vas_med_r': Parameter update for the damped-model: minimum_activation was 0.01 but is now 0.01
[2021-01-13 11:22:20.628] [info] 'vas_int_r': Parameter update for the damped-model: minimum_activation was 0.01 but is now 0.01
[2021-01-13 11:22:20.628] [info] 'vas_lat_r': Parameter update for the damped-model: minimum_activation was 0.01 but is now 0.01
[2021-01-13 11:22:20.629] [info] 'med_gas_r': Parameter update for the damped-model: minimum_activation was 0.01 but is now 0.01
[2021-01-13 11:22:20.630] [info] 'lat_gas_r': Parameter update for the damped-model: minimum_activation was 0.01 but is now 0.01
[2021-01-13 11:22:20.630] [info] 'soleus_r': Parameter update for the damped-model: minimum_activation was 0.01 but is now 0.01
[2021-01-13 11:22:20.631] [info] 'tib_post_r': Parameter update for the damped-model: minimum_activation was 0.01 but is now 0.01
[2021-01-13 11:22:20.632] [info] 'flex_dig_r': Parameter update for the damped-model: minimum_activation was 0.01 but is now 0.01
[2021-01-13 11:22:20.632] [info] 'flex_hal_r': Parameter update for the damped-model: minimum_activation was 0.01 but is now 0.01
[2021-01-13 11:22:20.633] [info] 'tib_ant_r': Parameter update for the damped-model: minimum_activation was 0.01 but is now 0.01
[2021-01-13 11:22:20.634] [info] 'per_brev_r': Parameter update for the damped-model: minimum_activation was 0.01 but is now 0.01
[2021-01-13 11:22:20.634] [info] 'per_long_r': Parameter update for the damped-model: minimum_activation was 0.01 but is now 0.01
[2021-01-13 11:22:20.635] [info] 'per_tert_r': Parameter update for the damped-model: minimum_activation was 0.01 but is now 0.01
[2021-01-13 11:22:20.636] [info] 'ext_dig_r': Parameter update for the damped-model: minimum_activation was 0.01 but is now 0.01
[2021-01-13 11:22:20.636] [info] 'ext_hal_r': Parameter update for the damped-model: minimum_activation was 0.01 but is now 0.01
[2021-01-13 11:22:20.637] [info] 'glut_med1_l': Parameter update for the damped-model: minimum_activation was 0.01 but is now 0.01
[2021-01-13 11:22:20.638] [info] 'glut_med2_l': Parameter update for the damped-model: minimum_activation was 0.01 but is now 0.01
[2021-01-13 11:22:20.639] [info] 'glut_med3_l': Parameter update for the damped-model: minimum_activation was 0.01 but is now 0.01
[2021-01-13 11:22:20.639] [info] 'glut_min1_l': Parameter update for the damped-model: minimum_activation was 0.01 but is now 0.01
[2021-01-13 11:22:20.640] [info] 'glut_min2_l': Parameter update for the damped-model: minimum_activation was 0.01 but is now 0.01
[2021-01-13 11:22:20.641] [info] 'glut_min3_l': Parameter update for the damped-model: minimum_activation was 0.01 but is now 0.01
[2021-01-13 11:22:20.641] [info] 'semimem_l': Parameter update for the damped-model: minimum_activation was 0.01 but is now 0.01
[2021-01-13 11:22:20.642] [info] 'semiten_l': Parameter update for the damped-model: minimum_activation was 0.01 but is now 0.01
[2021-01-13 11:22:20.643] [info] 'bifemlh_l': Parameter update for the damped-model: minimum_activation was 0.01 but is now 0.01
[2021-01-13 11:22:20.644] [info] 'bifemsh_l': Parameter update for the damped-model: minimum_activation was 0.01 but is now 0.01
[2021-01-13 11:22:20.644] [info] 'sar_l': Parameter update for the damped-model: minimum_activation was 0.01 but is now 0.01
[2021-01-13 11:22:20.645] [info] 'add_long_l': Parameter update for the damped-model: minimum_activation was 0.01 but is now 0.01
[2021-01-13 11:22:20.645] [info] 'add_brev_l': Parameter update for the damped-model: minimum_activation was 0.01 but is now 0.01
[2021-01-13 11:22:20.646] [info] 'add_mag1_l': Parameter update for the damped-model: minimum_activation was 0.01 but is now 0.01
[2021-01-13 11:22:20.647] [info] 'add_mag2_l': Parameter update for the damped-model: minimum_activation was 0.01 but is now 0.01
[2021-01-13 11:22:20.647] [info] 'add_mag3_l': Parameter update for the damped-model: minimum_activation was 0.01 but is now 0.01
[2021-01-13 11:22:20.648] [info] 'tfl_l': Parameter update for the damped-model: minimum_activation was 0.01 but is now 0.01
[2021-01-13 11:22:20.649] [info] 'pect_l': Parameter update for the damped-model: minimum_activation was 0.01 but is now 0.01
[2021-01-13 11:22:20.649] [info] 'grac_l': Parameter update for the damped-model: minimum_activation was 0.01 but is now 0.01
[2021-01-13 11:22:20.650] [info] 'glut_max1_l': Parameter update for the damped-model: minimum_activation was 0.01 but is now 0.01
[2021-01-13 11:22:20.651] [info] 'glut_max2_l': Parameter update for the damped-model: minimum_activation was 0.01 but is now 0.01
[2021-01-13 11:22:20.651] [info] 'glut_max3_l': Parameter update for the damped-model: minimum_activation was 0.01 but is now 0.01
[2021-01-13 11:22:20.652] [info] 'iliacus_l': Parameter update for the damped-model: minimum_activation was 0.01 but is now 0.01
[2021-01-13 11:22:20.653] [info] 'psoas_l': Parameter update for the damped-model: minimum_activation was 0.01 but is now 0.01
[2021-01-13 11:22:20.654] [info] 'quad_fem_l': Parameter update for the damped-model: minimum_activation was 0.01 but is now 0.01
[2021-01-13 11:22:20.654] [info] 'gem_l': Parameter update for the damped-model: minimum_activation was 0.01 but is now 0.01
[2021-01-13 11:22:20.655] [info] 'peri_l': Parameter update for the damped-model: minimum_activation was 0.01 but is now 0.01
[2021-01-13 11:22:20.656] [info] 'rect_fem_l': Parameter update for the damped-model: minimum_activation was 0.01 but is now 0.01
[2021-01-13 11:22:20.657] [info] 'vas_med_l': Parameter update for the damped-model: minimum_activation was 0.01 but is now 0.01
[2021-01-13 11:22:20.657] [info] 'vas_int_l': Parameter update for the damped-model: minimum_activation was 0.01 but is now 0.01
[2021-01-13 11:22:20.658] [info] 'vas_lat_l': Parameter update for the damped-model: minimum_activation was 0.01 but is now 0.01
[2021-01-13 11:22:20.659] [info] 'med_gas_l': Parameter update for the damped-model: minimum_activation was 0.01 but is now 0.01
[2021-01-13 11:22:20.659] [info] 'lat_gas_l': Parameter update for the damped-model: minimum_activation was 0.01 but is now 0.01
[2021-01-13 11:22:20.660] [info] 'soleus_l': Parameter update for the damped-model: minimum_activation was 0.01 but is now 0.01
[2021-01-13 11:22:20.661] [info] 'tib_post_l': Parameter update for the damped-model: minimum_activation was 0.01 but is now 0.01
[2021-01-13 11:22:20.661] [info] 'flex_dig_l': Parameter update for the damped-model: minimum_activation was 0.01 but is now 0.01
[2021-01-13 11:22:20.662] [info] 'flex_hal_l': Parameter update for the damped-model: minimum_activation was 0.01 but is now 0.01
[2021-01-13 11:22:20.663] [info] 'tib_ant_l': Parameter update for the damped-model: minimum_activation was 0.01 but is now 0.01
[2021-01-13 11:22:20.664] [info] 'per_brev_l': Parameter update for the damped-model: minimum_activation was 0.01 but is now 0.01
[2021-01-13 11:22:20.664] [info] 'per_long_l': Parameter update for the damped-model: minimum_activation was 0.01 but is now 0.01
[2021-01-13 11:22:20.665] [info] 'per_tert_l': Parameter update for the damped-model: minimum_activation was 0.01 but is now 0.01
[2021-01-13 11:22:20.666] [info] 'ext_dig_l': Parameter update for the damped-model: minimum_activation was 0.01 but is now 0.01
[2021-01-13 11:22:20.666] [info] 'ext_hal_l': Parameter update for the damped-model: minimum_activation was 0.01 but is now 0.01
[2021-01-13 11:22:20.667] [info] 'ercspn_r': Parameter update for the damped-model: minimum_activation was 0.01 but is now 0.01
[2021-01-13 11:22:20.667] [info] 'ercspn_l': Parameter update for the damped-model: minimum_activation was 0.01 but is now 0.01
[2021-01-13 11:22:20.668] [info] 'intobl_r': Parameter update for the damped-model: minimum_activation was 0.01 but is now 0.01
[2021-01-13 11:22:20.669] [info] 'intobl_l': Parameter update for the damped-model: minimum_activation was 0.01 but is now 0.01
[2021-01-13 11:22:20.670] [info] 'extobl_r': Parameter update for the damped-model: minimum_activation was 0.01 but is now 0.01
[2021-01-13 11:22:20.670] [info] 'extobl_l': Parameter update for the damped-model: minimum_activation was 0.01 but is now 0.01
